<?xml version="1.0" encoding="UTF-8" standalone="yes"?><!DOCTYPE report PUBLIC "-//JACOCO//DTD Report 1.0//EN" "report.dtd"><report name="JaCoCoverage analysis (powered by JaCoCo from EclEmma)"><sessioninfo id="IN03-794305b0" start="1545318705589" dump="1545318705981"/><package name="pkg5_parking"><class name="pkg5_parking/Main"><method name="&lt;init&gt;" desc="()V" line="12"><counter type="INSTRUCTION" missed="3" covered="0"/><counter type="LINE" missed="1" covered="0"/><counter type="COMPLEXITY" missed="1" covered="0"/><counter type="METHOD" missed="1" covered="0"/></method><method name="main" desc="([Ljava/lang/String;)V" line="19"><counter type="INSTRUCTION" missed="1" covered="0"/><counter type="LINE" missed="1" covered="0"/><counter type="COMPLEXITY" missed="1" covered="0"/><counter type="METHOD" missed="1" covered="0"/></method><counter type="INSTRUCTION" missed="4" covered="0"/><counter type="LINE" missed="2" covered="0"/><counter type="COMPLEXITY" missed="2" covered="0"/><counter type="METHOD" missed="2" covered="0"/><counter type="CLASS" missed="1" covered="0"/></class><class name="pkg5_parking/Aparqueitor"><method name="&lt;init&gt;" desc="()V" line="12"><counter type="INSTRUCTION" missed="3" covered="0"/><counter type="LINE" missed="1" covered="0"/><counter type="COMPLEXITY" missed="1" covered="0"/><counter type="METHOD" missed="1" covered="0"/></method><method name="buscaLlocLliure" desc="(II[I[I[Z)I" line="47"><counter type="INSTRUCTION" missed="15" covered="171"/><counter type="BRANCH" missed="8" covered="46"/><counter type="LINE" missed="8" covered="40"/><counter type="COMPLEXITY" missed="8" covered="20"/><counter type="METHOD" missed="0" covered="1"/></method><method name="&lt;clinit&gt;" desc="()V" line="14"><counter type="INSTRUCTION" missed="0" covered="7"/><counter type="LINE" missed="0" covered="3"/><counter type="COMPLEXITY" missed="0" covered="1"/><counter type="METHOD" missed="0" covered="1"/></method><counter type="INSTRUCTION" missed="18" covered="178"/><counter type="BRANCH" missed="8" covered="46"/><counter type="LINE" missed="9" covered="43"/><counter type="COMPLEXITY" missed="9" covered="21"/><counter type="METHOD" missed="1" covered="2"/><counter type="CLASS" missed="0" covered="1"/></class><sourcefile name="Aparqueitor.java"><line nr="12" mi="3" ci="0" mb="0" cb="0"/><line nr="14" mi="0" ci="2" mb="0" cb="0"/><line nr="15" mi="0" ci="2" mb="0" cb="0"/><line nr="16" mi="0" ci="3" mb="0" cb="0"/><line nr="47" mi="0" ci="4" mb="0" cb="0"/><line nr="48" mi="0" ci="5" mb="2" cb="2"/><line nr="49" mi="0" ci="1" mb="0" cb="0"/><line nr="52" mi="0" ci="2" mb="0" cb="2"/><line nr="53" mi="0" ci="2" mb="0" cb="0"/><line nr="55" mi="0" ci="3" mb="0" cb="2"/><line nr="56" mi="0" ci="2" mb="0" cb="0"/><line nr="58" mi="0" ci="2" mb="1" cb="1"/><line nr="59" mi="2" ci="0" mb="0" cb="0"/><line nr="61" mi="0" ci="2" mb="1" cb="1"/><line nr="62" mi="2" ci="0" mb="0" cb="0"/><line nr="64" mi="0" ci="2" mb="1" cb="1"/><line nr="65" mi="2" ci="0" mb="0" cb="0"/><line nr="67" mi="0" ci="4" mb="0" cb="2"/><line nr="68" mi="0" ci="2" mb="0" cb="0"/><line nr="70" mi="0" ci="5" mb="0" cb="2"/><line nr="71" mi="0" ci="2" mb="0" cb="0"/><line nr="73" mi="0" ci="5" mb="1" cb="1"/><line nr="74" mi="2" ci="0" mb="0" cb="0"/><line nr="76" mi="0" ci="16" mb="0" cb="2"/><line nr="77" mi="0" ci="3" mb="1" cb="1"/><line nr="78" mi="2" ci="0" mb="0" cb="0"/><line nr="81" mi="0" ci="16" mb="0" cb="2"/><line nr="82" mi="0" ci="2" mb="1" cb="1"/><line nr="83" mi="2" ci="0" mb="0" cb="0"/><line nr="87" mi="0" ci="3" mb="0" cb="2"/><line nr="89" mi="0" ci="8" mb="0" cb="2"/><line nr="90" mi="0" ci="4" mb="0" cb="2"/><line nr="91" mi="0" ci="5" mb="0" cb="2"/><line nr="92" mi="0" ci="5" mb="0" cb="2"/><line nr="93" mi="0" ci="4" mb="0" cb="0"/><line nr="94" mi="0" ci="2" mb="0" cb="0"/><line nr="99" mi="0" ci="2" mb="0" cb="0"/><line nr="101" mi="0" ci="8" mb="0" cb="2"/><line nr="102" mi="0" ci="4" mb="0" cb="2"/><line nr="103" mi="0" ci="5" mb="0" cb="2"/><line nr="104" mi="0" ci="5" mb="0" cb="2"/><line nr="105" mi="0" ci="4" mb="0" cb="0"/><line nr="106" mi="0" ci="2" mb="0" cb="0"/><line nr="112" mi="0" ci="8" mb="0" cb="2"/><line nr="113" mi="0" ci="4" mb="0" cb="2"/><line nr="114" mi="0" ci="5" mb="0" cb="2"/><line nr="115" mi="0" ci="5" mb="0" cb="2"/><line nr="116" mi="0" ci="4" mb="0" cb="0"/><line nr="117" mi="0" ci="2" mb="0" cb="0"/><line nr="122" mi="0" ci="2" mb="0" cb="0"/><line nr="124" mi="1" ci="0" mb="0" cb="0"/><line nr="125" mi="2" ci="0" mb="0" cb="0"/><counter type="INSTRUCTION" missed="18" covered="178"/><counter type="BRANCH" missed="8" covered="46"/><counter type="LINE" missed="9" covered="43"/><counter type="COMPLEXITY" missed="9" covered="21"/><counter type="METHOD" missed="1" covered="2"/><counter type="CLASS" missed="0" covered="1"/></sourcefile><sourcefile name="Main.java"><line nr="12" mi="3" ci="0" mb="0" cb="0"/><line nr="19" mi="1" ci="0" mb="0" cb="0"/><counter type="INSTRUCTION" missed="4" covered="0"/><counter type="LINE" missed="2" covered="0"/><counter type="COMPLEXITY" missed="2" covered="0"/><counter type="METHOD" missed="2" covered="0"/><counter type="CLASS" missed="1" covered="0"/></sourcefile><counter type="INSTRUCTION" missed="22" covered="178"/><counter type="BRANCH" missed="8" covered="46"/><counter type="LINE" missed="11" covered="43"/><counter type="COMPLEXITY" missed="11" covered="21"/><counter type="METHOD" missed="3" covered="2"/><counter type="CLASS" missed="1" covered="1"/></package><counter type="INSTRUCTION" missed="22" covered="178"/><counter type="BRANCH" missed="8" covered="46"/><counter type="LINE" missed="11" covered="43"/><counter type="COMPLEXITY" missed="11" covered="21"/><counter type="METHOD" missed="3" covered="2"/><counter type="CLASS" missed="1" covered="1"/></report>